<?xml version="1.0" encoding="UTF-8"?>
<Site BuildName="(empty)"
	BuildStamp="20230510-0920-Experimental"
	Name="(empty)"
	Generator="ctest-3.10.2"
	CompilerName=""
	CompilerVersion=""
	OSName="Linux"
	Hostname="flora-Lenovo-Legion-Y70002021"
	OSRelease="5.4.0-148-generic"
	OSVersion="#165~18.04.1-Ubuntu SMP Thu Apr 20 01:14:06 UTC 2023"
	OSPlatform="x86_64"
	Is64Bits="1"
	VendorString="GenuineIntel"
	VendorID="Intel Corporation"
	FamilyID="6"
	ModelID="141"
	ProcessorCacheSize="12288"
	NumberOfLogicalCPU="12"
	NumberOfPhysicalCPU="6"
	TotalVirtualMemory="2047"
	TotalPhysicalMemory="15858"
	LogicalProcessorsPerPhysical="2"
	ProcessorClockFrequency="2568.95"
	>
	<Testing>
		<StartDateTime>May 10 17:20 CST</StartDateTime>
		<StartTestTime>1683710400</StartTestTime>
		<TestList/>
		<EndDateTime>May 10 17:20 CST</EndDateTime>
		<EndTestTime>1683710400</EndTestTime>
		<ElapsedMinutes>0</ElapsedMinutes>
	</Testing>
</Site>
